<?xml version="1.0" encoding="UTF-8"?>
<!-- Generated by org.testng.reporters.JUnitReportReporter -->
<testsuite skipped="0" hostname="Haier-PC" name="Example2.NavigationTest" tests="1" failures="0" timestamp="2021-10-11T16:34:59 PKT" time="4.669" errors="0">
  <testcase name="navigateToAUrl" time="4.669" classname="Example2.NavigationTest"/>
  <system-out/>
</testsuite> <!-- Example2.NavigationTest -->
