<?xml version="1.0" encoding="UTF-8"?>
<!-- Generated by org.testng.reporters.JUnitReportReporter -->
<testsuite skipped="0" hostname="Haier-PC" name="Example2.Login" tests="1" failures="0" timestamp="2021-10-11T17:02:20 PKT" time="31.040" errors="0">
  <testcase name="login_Test" time="31.040" classname="Example2.Login"/>
  <system-out/>
</testsuite> <!-- Example2.Login -->
