<?xml version="1.0" encoding="UTF-8"?>
<!-- Generated by org.testng.reporters.JUnitReportReporter -->
<testsuite skipped="0" hostname="Haier-PC" name="Example2.jojo" tests="1" failures="0" timestamp="2021-10-11T17:02:20 PKT" time="2.428" errors="0">
  <testcase name="loginTest" time="2.428" classname="Example2.jojo"/>
  <system-out/>
</testsuite> <!-- Example2.jojo -->
